<?xml version="1.0" encoding="UTF-8"?>
<!-- Generated by org.testng.reporters.JUnitReportReporter -->
<testsuite hostname="LAPTOP-G84C2PVB" failures="0" tests="1" name="com.testers.utils.ReadPropertyFile" time="0.007" errors="0" timestamp="2022-11-24T16:35:12 IST" skipped="0">
  <testcase classname="com.testers.utils.ReadPropertyFile" name="test" time="0.007"/>
  <system-out/>
</testsuite> <!-- com.testers.utils.ReadPropertyFile -->
