<?xml version="1.0" encoding="UTF-8"?>
<!-- Generated by org.testng.reporters.JUnitReportReporter -->
<testsuite hostname="LAPTOP-G84C2PVB" failures="0" tests="2" name="com.testers.tests.LoginPageTests" time="55.737" errors="0" timestamp="2022-11-25T15:50:35 IST" skipped="0">
  <testcase classname="com.testers.tests.LoginPageTests" name="test1" time="26.307"/>
  <system-out/>
  <testcase classname="com.testers.tests.LoginPageTests" name="test2" time="29.430"/>
  <system-out/>
</testsuite> <!-- com.testers.tests.LoginPageTests -->
