<?xml version="1.0" encoding="UTF-8"?>
<!-- Generated by org.testng.reporters.JUnitReportReporter -->
<testsuite hostname="LAPTOP-G84C2PVB" failures="0" tests="3" name="com.testers.tests.omayoHomeTests" time="21.426" errors="0" timestamp="2022-11-29T16:32:10 IST" skipped="0">
  <testcase classname="com.testers.tests.omayoHomeTests" name="JSText" time="5.635"/>
  <system-out/>
  <testcase classname="com.testers.tests.omayoHomeTests" name="omayoTest1" time="4.404"/>
  <system-out/>
  <testcase classname="com.testers.tests.omayoHomeTests" name="omayoTest2" time="11.387"/>
  <system-out/>
</testsuite> <!-- com.testers.tests.omayoHomeTests -->
